[2022-07-05 11:07:15,299 INFO train.py line 131 87816] arch: pointtransformer_seg_repro
base_lr: 0.5
batch_size: 4
batch_size_test: 4
batch_size_val: 4
classes: 13
data_name: s3dis
data_root: dataset/s3dis/trainval_fullarea
dist_backend: nccl
dist_url: tcp://localhost:8888
distributed: False
drop_rate: 0.5
epochs: 100
eval_freq: 1
evaluate: True
fea_dim: 6
ignore_label: 255
loop: 30
manual_seed: 7777
model_path: None
momentum: 0.9
multiplier: 0.1
multiprocessing_distributed: False
names_path: data/s3dis/s3dis_names.txt
ngpus_per_node: 1
print_freq: 1
rank: 0
resume: None
save_folder: None
save_freq: 1
save_path: exp/s3dis/pointtransformer_repro
split: val
start_epoch: 0
step_epoch: 30
sync_bn: False
test_area: 5
test_gpu: [0]
test_list: dataset/s3dis/list/val5.txt
test_list_full: dataset/s3dis/list/val5_full.txt
test_workers: 4
train_gpu: [0]
use_xyz: True
voxel_max: 80000
voxel_size: 0.04
weight: None
weight_decay: 0.0001
workers: 16
world_size: 1
[2022-07-05 11:07:15,300 INFO train.py line 132 87816] => creating model ...
[2022-07-05 11:07:15,300 INFO train.py line 133 87816] Classes: 13
[2022-07-05 11:07:15,300 INFO train.py line 134 87816] PointTransformerSeg(
  (enc1): Sequential(
    (0): TransitionDown(
      (linear): Linear(in_features=6, out_features=32, bias=False)
      (bn): BatchNorm1d(32, eps=1e-05, momentum=0.1, affine=True, track_running_stats=True)
      (relu): ReLU(inplace=True)
    )
    (1): PointTransformerBlock(
      (linear1): Linear(in_features=32, out_features=32, bias=False)
      (bn1): BatchNorm1d(32, eps=1e-05, momentum=0.1, affine=True, track_running_stats=True)
      (transformer2): PointTransformerLayer(
        (linear_q): Linear(in_features=32, out_features=32, bias=True)
        (linear_k): Linear(in_features=32, out_features=32, bias=True)
        (linear_v): Linear(in_features=32, out_features=32, bias=True)
        (linear_p): Sequential(
          (0): Linear(in_features=3, out_features=3, bias=True)
          (1): BatchNorm1d(3, eps=1e-05, momentum=0.1, affine=True, track_running_stats=True)
          (2): ReLU(inplace=True)
          (3): Linear(in_features=3, out_features=32, bias=True)
        )
        (linear_w): Sequential(
          (0): BatchNorm1d(32, eps=1e-05, momentum=0.1, affine=True, track_running_stats=True)
          (1): ReLU(inplace=True)
          (2): Linear(in_features=32, out_features=4, bias=True)
          (3): BatchNorm1d(4, eps=1e-05, momentum=0.1, affine=True, track_running_stats=True)
          (4): ReLU(inplace=True)
          (5): Linear(in_features=4, out_features=4, bias=True)
        )
        (softmax): Softmax(dim=1)
      )
      (bn2): BatchNorm1d(32, eps=1e-05, momentum=0.1, affine=True, track_running_stats=True)
      (linear3): Linear(in_features=32, out_features=32, bias=False)
      (bn3): BatchNorm1d(32, eps=1e-05, momentum=0.1, affine=True, track_running_stats=True)
      (relu): ReLU(inplace=True)
    )
  )
  (enc2): Sequential(
    (0): TransitionDown(
      (linear): Linear(in_features=35, out_features=64, bias=False)
      (pool): MaxPool1d(kernel_size=16, stride=16, padding=0, dilation=1, ceil_mode=False)
      (bn): BatchNorm1d(64, eps=1e-05, momentum=0.1, affine=True, track_running_stats=True)
      (relu): ReLU(inplace=True)
    )
    (1): PointTransformerBlock(
      (linear1): Linear(in_features=64, out_features=64, bias=False)
      (bn1): BatchNorm1d(64, eps=1e-05, momentum=0.1, affine=True, track_running_stats=True)
      (transformer2): PointTransformerLayer(
        (linear_q): Linear(in_features=64, out_features=64, bias=True)
        (linear_k): Linear(in_features=64, out_features=64, bias=True)
        (linear_v): Linear(in_features=64, out_features=64, bias=True)
        (linear_p): Sequential(
          (0): Linear(in_features=3, out_features=3, bias=True)
          (1): BatchNorm1d(3, eps=1e-05, momentum=0.1, affine=True, track_running_stats=True)
          (2): ReLU(inplace=True)
          (3): Linear(in_features=3, out_features=64, bias=True)
        )
        (linear_w): Sequential(
          (0): BatchNorm1d(64, eps=1e-05, momentum=0.1, affine=True, track_running_stats=True)
          (1): ReLU(inplace=True)
          (2): Linear(in_features=64, out_features=8, bias=True)
          (3): BatchNorm1d(8, eps=1e-05, momentum=0.1, affine=True, track_running_stats=True)
          (4): ReLU(inplace=True)
          (5): Linear(in_features=8, out_features=8, bias=True)
        )
        (softmax): Softmax(dim=1)
      )
      (bn2): BatchNorm1d(64, eps=1e-05, momentum=0.1, affine=True, track_running_stats=True)
      (linear3): Linear(in_features=64, out_features=64, bias=False)
      (bn3): BatchNorm1d(64, eps=1e-05, momentum=0.1, affine=True, track_running_stats=True)
      (relu): ReLU(inplace=True)
    )
    (2): PointTransformerBlock(
      (linear1): Linear(in_features=64, out_features=64, bias=False)
      (bn1): BatchNorm1d(64, eps=1e-05, momentum=0.1, affine=True, track_running_stats=True)
      (transformer2): PointTransformerLayer(
        (linear_q): Linear(in_features=64, out_features=64, bias=True)
        (linear_k): Linear(in_features=64, out_features=64, bias=True)
        (linear_v): Linear(in_features=64, out_features=64, bias=True)
        (linear_p): Sequential(
          (0): Linear(in_features=3, out_features=3, bias=True)
          (1): BatchNorm1d(3, eps=1e-05, momentum=0.1, affine=True, track_running_stats=True)
          (2): ReLU(inplace=True)
          (3): Linear(in_features=3, out_features=64, bias=True)
        )
        (linear_w): Sequential(
          (0): BatchNorm1d(64, eps=1e-05, momentum=0.1, affine=True, track_running_stats=True)
          (1): ReLU(inplace=True)
          (2): Linear(in_features=64, out_features=8, bias=True)
          (3): BatchNorm1d(8, eps=1e-05, momentum=0.1, affine=True, track_running_stats=True)
          (4): ReLU(inplace=True)
          (5): Linear(in_features=8, out_features=8, bias=True)
        )
        (softmax): Softmax(dim=1)
      )
      (bn2): BatchNorm1d(64, eps=1e-05, momentum=0.1, affine=True, track_running_stats=True)
      (linear3): Linear(in_features=64, out_features=64, bias=False)
      (bn3): BatchNorm1d(64, eps=1e-05, momentum=0.1, affine=True, track_running_stats=True)
      (relu): ReLU(inplace=True)
    )
  )
  (enc3): Sequential(
    (0): TransitionDown(
      (linear): Linear(in_features=67, out_features=128, bias=False)
      (pool): MaxPool1d(kernel_size=16, stride=16, padding=0, dilation=1, ceil_mode=False)
      (bn): BatchNorm1d(128, eps=1e-05, momentum=0.1, affine=True, track_running_stats=True)
      (relu): ReLU(inplace=True)
    )
    (1): PointTransformerBlock(
      (linear1): Linear(in_features=128, out_features=128, bias=False)
      (bn1): BatchNorm1d(128, eps=1e-05, momentum=0.1, affine=True, track_running_stats=True)
      (transformer2): PointTransformerLayer(
        (linear_q): Linear(in_features=128, out_features=128, bias=True)
        (linear_k): Linear(in_features=128, out_features=128, bias=True)
        (linear_v): Linear(in_features=128, out_features=128, bias=True)
        (linear_p): Sequential(
          (0): Linear(in_features=3, out_features=3, bias=True)
          (1): BatchNorm1d(3, eps=1e-05, momentum=0.1, affine=True, track_running_stats=True)
          (2): ReLU(inplace=True)
          (3): Linear(in_features=3, out_features=128, bias=True)
        )
        (linear_w): Sequential(
          (0): BatchNorm1d(128, eps=1e-05, momentum=0.1, affine=True, track_running_stats=True)
          (1): ReLU(inplace=True)
          (2): Linear(in_features=128, out_features=16, bias=True)
          (3): BatchNorm1d(16, eps=1e-05, momentum=0.1, affine=True, track_running_stats=True)
          (4): ReLU(inplace=True)
          (5): Linear(in_features=16, out_features=16, bias=True)
        )
        (softmax): Softmax(dim=1)
      )
      (bn2): BatchNorm1d(128, eps=1e-05, momentum=0.1, affine=True, track_running_stats=True)
      (linear3): Linear(in_features=128, out_features=128, bias=False)
      (bn3): BatchNorm1d(128, eps=1e-05, momentum=0.1, affine=True, track_running_stats=True)
      (relu): ReLU(inplace=True)
    )
    (2): PointTransformerBlock(
      (linear1): Linear(in_features=128, out_features=128, bias=False)
      (bn1): BatchNorm1d(128, eps=1e-05, momentum=0.1, affine=True, track_running_stats=True)
      (transformer2): PointTransformerLayer(
        (linear_q): Linear(in_features=128, out_features=128, bias=True)
        (linear_k): Linear(in_features=128, out_features=128, bias=True)
        (linear_v): Linear(in_features=128, out_features=128, bias=True)
        (linear_p): Sequential(
          (0): Linear(in_features=3, out_features=3, bias=True)
          (1): BatchNorm1d(3, eps=1e-05, momentum=0.1, affine=True, track_running_stats=True)
          (2): ReLU(inplace=True)
          (3): Linear(in_features=3, out_features=128, bias=True)
        )
        (linear_w): Sequential(
          (0): BatchNorm1d(128, eps=1e-05, momentum=0.1, affine=True, track_running_stats=True)
          (1): ReLU(inplace=True)
          (2): Linear(in_features=128, out_features=16, bias=True)
          (3): BatchNorm1d(16, eps=1e-05, momentum=0.1, affine=True, track_running_stats=True)
          (4): ReLU(inplace=True)
          (5): Linear(in_features=16, out_features=16, bias=True)
        )
        (softmax): Softmax(dim=1)
      )
      (bn2): BatchNorm1d(128, eps=1e-05, momentum=0.1, affine=True, track_running_stats=True)
      (linear3): Linear(in_features=128, out_features=128, bias=False)
      (bn3): BatchNorm1d(128, eps=1e-05, momentum=0.1, affine=True, track_running_stats=True)
      (relu): ReLU(inplace=True)
    )
    (3): PointTransformerBlock(
      (linear1): Linear(in_features=128, out_features=128, bias=False)
      (bn1): BatchNorm1d(128, eps=1e-05, momentum=0.1, affine=True, track_running_stats=True)
      (transformer2): PointTransformerLayer(
        (linear_q): Linear(in_features=128, out_features=128, bias=True)
        (linear_k): Linear(in_features=128, out_features=128, bias=True)
        (linear_v): Linear(in_features=128, out_features=128, bias=True)
        (linear_p): Sequential(
          (0): Linear(in_features=3, out_features=3, bias=True)
          (1): BatchNorm1d(3, eps=1e-05, momentum=0.1, affine=True, track_running_stats=True)
          (2): ReLU(inplace=True)
          (3): Linear(in_features=3, out_features=128, bias=True)
        )
        (linear_w): Sequential(
          (0): BatchNorm1d(128, eps=1e-05, momentum=0.1, affine=True, track_running_stats=True)
          (1): ReLU(inplace=True)
          (2): Linear(in_features=128, out_features=16, bias=True)
          (3): BatchNorm1d(16, eps=1e-05, momentum=0.1, affine=True, track_running_stats=True)
          (4): ReLU(inplace=True)
          (5): Linear(in_features=16, out_features=16, bias=True)
        )
        (softmax): Softmax(dim=1)
      )
      (bn2): BatchNorm1d(128, eps=1e-05, momentum=0.1, affine=True, track_running_stats=True)
      (linear3): Linear(in_features=128, out_features=128, bias=False)
      (bn3): BatchNorm1d(128, eps=1e-05, momentum=0.1, affine=True, track_running_stats=True)
      (relu): ReLU(inplace=True)
    )
  )
  (enc4): Sequential(
    (0): TransitionDown(
      (linear): Linear(in_features=131, out_features=256, bias=False)
      (pool): MaxPool1d(kernel_size=16, stride=16, padding=0, dilation=1, ceil_mode=False)
      (bn): BatchNorm1d(256, eps=1e-05, momentum=0.1, affine=True, track_running_stats=True)
      (relu): ReLU(inplace=True)
    )
    (1): PointTransformerBlock(
      (linear1): Linear(in_features=256, out_features=256, bias=False)
      (bn1): BatchNorm1d(256, eps=1e-05, momentum=0.1, affine=True, track_running_stats=True)
      (transformer2): PointTransformerLayer(
        (linear_q): Linear(in_features=256, out_features=256, bias=True)
        (linear_k): Linear(in_features=256, out_features=256, bias=True)
        (linear_v): Linear(in_features=256, out_features=256, bias=True)
        (linear_p): Sequential(
          (0): Linear(in_features=3, out_features=3, bias=True)
          (1): BatchNorm1d(3, eps=1e-05, momentum=0.1, affine=True, track_running_stats=True)
          (2): ReLU(inplace=True)
          (3): Linear(in_features=3, out_features=256, bias=True)
        )
        (linear_w): Sequential(
          (0): BatchNorm1d(256, eps=1e-05, momentum=0.1, affine=True, track_running_stats=True)
          (1): ReLU(inplace=True)
          (2): Linear(in_features=256, out_features=32, bias=True)
          (3): BatchNorm1d(32, eps=1e-05, momentum=0.1, affine=True, track_running_stats=True)
          (4): ReLU(inplace=True)
          (5): Linear(in_features=32, out_features=32, bias=True)
        )
        (softmax): Softmax(dim=1)
      )
      (bn2): BatchNorm1d(256, eps=1e-05, momentum=0.1, affine=True, track_running_stats=True)
      (linear3): Linear(in_features=256, out_features=256, bias=False)
      (bn3): BatchNorm1d(256, eps=1e-05, momentum=0.1, affine=True, track_running_stats=True)
      (relu): ReLU(inplace=True)
    )
    (2): PointTransformerBlock(
      (linear1): Linear(in_features=256, out_features=256, bias=False)
      (bn1): BatchNorm1d(256, eps=1e-05, momentum=0.1, affine=True, track_running_stats=True)
      (transformer2): PointTransformerLayer(
        (linear_q): Linear(in_features=256, out_features=256, bias=True)
        (linear_k): Linear(in_features=256, out_features=256, bias=True)
        (linear_v): Linear(in_features=256, out_features=256, bias=True)
        (linear_p): Sequential(
          (0): Linear(in_features=3, out_features=3, bias=True)
          (1): BatchNorm1d(3, eps=1e-05, momentum=0.1, affine=True, track_running_stats=True)
          (2): ReLU(inplace=True)
          (3): Linear(in_features=3, out_features=256, bias=True)
        )
        (linear_w): Sequential(
          (0): BatchNorm1d(256, eps=1e-05, momentum=0.1, affine=True, track_running_stats=True)
          (1): ReLU(inplace=True)
          (2): Linear(in_features=256, out_features=32, bias=True)
          (3): BatchNorm1d(32, eps=1e-05, momentum=0.1, affine=True, track_running_stats=True)
          (4): ReLU(inplace=True)
          (5): Linear(in_features=32, out_features=32, bias=True)
        )
        (softmax): Softmax(dim=1)
      )
      (bn2): BatchNorm1d(256, eps=1e-05, momentum=0.1, affine=True, track_running_stats=True)
      (linear3): Linear(in_features=256, out_features=256, bias=False)
      (bn3): BatchNorm1d(256, eps=1e-05, momentum=0.1, affine=True, track_running_stats=True)
      (relu): ReLU(inplace=True)
    )
    (3): PointTransformerBlock(
      (linear1): Linear(in_features=256, out_features=256, bias=False)
      (bn1): BatchNorm1d(256, eps=1e-05, momentum=0.1, affine=True, track_running_stats=True)
      (transformer2): PointTransformerLayer(
        (linear_q): Linear(in_features=256, out_features=256, bias=True)
        (linear_k): Linear(in_features=256, out_features=256, bias=True)
        (linear_v): Linear(in_features=256, out_features=256, bias=True)
        (linear_p): Sequential(
          (0): Linear(in_features=3, out_features=3, bias=True)
          (1): BatchNorm1d(3, eps=1e-05, momentum=0.1, affine=True, track_running_stats=True)
          (2): ReLU(inplace=True)
          (3): Linear(in_features=3, out_features=256, bias=True)
        )
        (linear_w): Sequential(
          (0): BatchNorm1d(256, eps=1e-05, momentum=0.1, affine=True, track_running_stats=True)
          (1): ReLU(inplace=True)
          (2): Linear(in_features=256, out_features=32, bias=True)
          (3): BatchNorm1d(32, eps=1e-05, momentum=0.1, affine=True, track_running_stats=True)
          (4): ReLU(inplace=True)
          (5): Linear(in_features=32, out_features=32, bias=True)
        )
        (softmax): Softmax(dim=1)
      )
      (bn2): BatchNorm1d(256, eps=1e-05, momentum=0.1, affine=True, track_running_stats=True)
      (linear3): Linear(in_features=256, out_features=256, bias=False)
      (bn3): BatchNorm1d(256, eps=1e-05, momentum=0.1, affine=True, track_running_stats=True)
      (relu): ReLU(inplace=True)
    )
    (4): PointTransformerBlock(
      (linear1): Linear(in_features=256, out_features=256, bias=False)
      (bn1): BatchNorm1d(256, eps=1e-05, momentum=0.1, affine=True, track_running_stats=True)
      (transformer2): PointTransformerLayer(
        (linear_q): Linear(in_features=256, out_features=256, bias=True)
        (linear_k): Linear(in_features=256, out_features=256, bias=True)
        (linear_v): Linear(in_features=256, out_features=256, bias=True)
        (linear_p): Sequential(
          (0): Linear(in_features=3, out_features=3, bias=True)
          (1): BatchNorm1d(3, eps=1e-05, momentum=0.1, affine=True, track_running_stats=True)
          (2): ReLU(inplace=True)
          (3): Linear(in_features=3, out_features=256, bias=True)
        )
        (linear_w): Sequential(
          (0): BatchNorm1d(256, eps=1e-05, momentum=0.1, affine=True, track_running_stats=True)
          (1): ReLU(inplace=True)
          (2): Linear(in_features=256, out_features=32, bias=True)
          (3): BatchNorm1d(32, eps=1e-05, momentum=0.1, affine=True, track_running_stats=True)
          (4): ReLU(inplace=True)
          (5): Linear(in_features=32, out_features=32, bias=True)
        )
        (softmax): Softmax(dim=1)
      )
      (bn2): BatchNorm1d(256, eps=1e-05, momentum=0.1, affine=True, track_running_stats=True)
      (linear3): Linear(in_features=256, out_features=256, bias=False)
      (bn3): BatchNorm1d(256, eps=1e-05, momentum=0.1, affine=True, track_running_stats=True)
      (relu): ReLU(inplace=True)
    )
    (5): PointTransformerBlock(
      (linear1): Linear(in_features=256, out_features=256, bias=False)
      (bn1): BatchNorm1d(256, eps=1e-05, momentum=0.1, affine=True, track_running_stats=True)
      (transformer2): PointTransformerLayer(
        (linear_q): Linear(in_features=256, out_features=256, bias=True)
        (linear_k): Linear(in_features=256, out_features=256, bias=True)
        (linear_v): Linear(in_features=256, out_features=256, bias=True)
        (linear_p): Sequential(
          (0): Linear(in_features=3, out_features=3, bias=True)
          (1): BatchNorm1d(3, eps=1e-05, momentum=0.1, affine=True, track_running_stats=True)
          (2): ReLU(inplace=True)
          (3): Linear(in_features=3, out_features=256, bias=True)
        )
        (linear_w): Sequential(
          (0): BatchNorm1d(256, eps=1e-05, momentum=0.1, affine=True, track_running_stats=True)
          (1): ReLU(inplace=True)
          (2): Linear(in_features=256, out_features=32, bias=True)
          (3): BatchNorm1d(32, eps=1e-05, momentum=0.1, affine=True, track_running_stats=True)
          (4): ReLU(inplace=True)
          (5): Linear(in_features=32, out_features=32, bias=True)
        )
        (softmax): Softmax(dim=1)
      )
      (bn2): BatchNorm1d(256, eps=1e-05, momentum=0.1, affine=True, track_running_stats=True)
      (linear3): Linear(in_features=256, out_features=256, bias=False)
      (bn3): BatchNorm1d(256, eps=1e-05, momentum=0.1, affine=True, track_running_stats=True)
      (relu): ReLU(inplace=True)
    )
  )
  (enc5): Sequential(
    (0): TransitionDown(
      (linear): Linear(in_features=259, out_features=512, bias=False)
      (pool): MaxPool1d(kernel_size=16, stride=16, padding=0, dilation=1, ceil_mode=False)
      (bn): BatchNorm1d(512, eps=1e-05, momentum=0.1, affine=True, track_running_stats=True)
      (relu): ReLU(inplace=True)
    )
    (1): PointTransformerBlock(
      (linear1): Linear(in_features=512, out_features=512, bias=False)
      (bn1): BatchNorm1d(512, eps=1e-05, momentum=0.1, affine=True, track_running_stats=True)
      (transformer2): PointTransformerLayer(
        (linear_q): Linear(in_features=512, out_features=512, bias=True)
        (linear_k): Linear(in_features=512, out_features=512, bias=True)
        (linear_v): Linear(in_features=512, out_features=512, bias=True)
        (linear_p): Sequential(
          (0): Linear(in_features=3, out_features=3, bias=True)
          (1): BatchNorm1d(3, eps=1e-05, momentum=0.1, affine=True, track_running_stats=True)
          (2): ReLU(inplace=True)
          (3): Linear(in_features=3, out_features=512, bias=True)
        )
        (linear_w): Sequential(
          (0): BatchNorm1d(512, eps=1e-05, momentum=0.1, affine=True, track_running_stats=True)
          (1): ReLU(inplace=True)
          (2): Linear(in_features=512, out_features=64, bias=True)
          (3): BatchNorm1d(64, eps=1e-05, momentum=0.1, affine=True, track_running_stats=True)
          (4): ReLU(inplace=True)
          (5): Linear(in_features=64, out_features=64, bias=True)
        )
        (softmax): Softmax(dim=1)
      )
      (bn2): BatchNorm1d(512, eps=1e-05, momentum=0.1, affine=True, track_running_stats=True)
      (linear3): Linear(in_features=512, out_features=512, bias=False)
      (bn3): BatchNorm1d(512, eps=1e-05, momentum=0.1, affine=True, track_running_stats=True)
      (relu): ReLU(inplace=True)
    )
    (2): PointTransformerBlock(
      (linear1): Linear(in_features=512, out_features=512, bias=False)
      (bn1): BatchNorm1d(512, eps=1e-05, momentum=0.1, affine=True, track_running_stats=True)
      (transformer2): PointTransformerLayer(
        (linear_q): Linear(in_features=512, out_features=512, bias=True)
        (linear_k): Linear(in_features=512, out_features=512, bias=True)
        (linear_v): Linear(in_features=512, out_features=512, bias=True)
        (linear_p): Sequential(
          (0): Linear(in_features=3, out_features=3, bias=True)
          (1): BatchNorm1d(3, eps=1e-05, momentum=0.1, affine=True, track_running_stats=True)
          (2): ReLU(inplace=True)
          (3): Linear(in_features=3, out_features=512, bias=True)
        )
        (linear_w): Sequential(
          (0): BatchNorm1d(512, eps=1e-05, momentum=0.1, affine=True, track_running_stats=True)
          (1): ReLU(inplace=True)
          (2): Linear(in_features=512, out_features=64, bias=True)
          (3): BatchNorm1d(64, eps=1e-05, momentum=0.1, affine=True, track_running_stats=True)
          (4): ReLU(inplace=True)
          (5): Linear(in_features=64, out_features=64, bias=True)
        )
        (softmax): Softmax(dim=1)
      )
      (bn2): BatchNorm1d(512, eps=1e-05, momentum=0.1, affine=True, track_running_stats=True)
      (linear3): Linear(in_features=512, out_features=512, bias=False)
      (bn3): BatchNorm1d(512, eps=1e-05, momentum=0.1, affine=True, track_running_stats=True)
      (relu): ReLU(inplace=True)
    )
  )
  (dec5): Sequential(
    (0): TransitionUp(
      (linear1): Sequential(
        (0): Linear(in_features=1024, out_features=512, bias=True)
        (1): BatchNorm1d(512, eps=1e-05, momentum=0.1, affine=True, track_running_stats=True)
        (2): ReLU(inplace=True)
      )
      (linear2): Sequential(
        (0): Linear(in_features=512, out_features=512, bias=True)
        (1): ReLU(inplace=True)
      )
    )
    (1): PointTransformerBlock(
      (linear1): Linear(in_features=512, out_features=512, bias=False)
      (bn1): BatchNorm1d(512, eps=1e-05, momentum=0.1, affine=True, track_running_stats=True)
      (transformer2): PointTransformerLayer(
        (linear_q): Linear(in_features=512, out_features=512, bias=True)
        (linear_k): Linear(in_features=512, out_features=512, bias=True)
        (linear_v): Linear(in_features=512, out_features=512, bias=True)
        (linear_p): Sequential(
          (0): Linear(in_features=3, out_features=3, bias=True)
          (1): BatchNorm1d(3, eps=1e-05, momentum=0.1, affine=True, track_running_stats=True)
          (2): ReLU(inplace=True)
          (3): Linear(in_features=3, out_features=512, bias=True)
        )
        (linear_w): Sequential(
          (0): BatchNorm1d(512, eps=1e-05, momentum=0.1, affine=True, track_running_stats=True)
          (1): ReLU(inplace=True)
          (2): Linear(in_features=512, out_features=64, bias=True)
          (3): BatchNorm1d(64, eps=1e-05, momentum=0.1, affine=True, track_running_stats=True)
          (4): ReLU(inplace=True)
          (5): Linear(in_features=64, out_features=64, bias=True)
        )
        (softmax): Softmax(dim=1)
      )
      (bn2): BatchNorm1d(512, eps=1e-05, momentum=0.1, affine=True, track_running_stats=True)
      (linear3): Linear(in_features=512, out_features=512, bias=False)
      (bn3): BatchNorm1d(512, eps=1e-05, momentum=0.1, affine=True, track_running_stats=True)
      (relu): ReLU(inplace=True)
    )
  )
  (dec4): Sequential(
    (0): TransitionUp(
      (linear1): Sequential(
        (0): Linear(in_features=256, out_features=256, bias=True)
        (1): BatchNorm1d(256, eps=1e-05, momentum=0.1, affine=True, track_running_stats=True)
        (2): ReLU(inplace=True)
      )
      (linear2): Sequential(
        (0): Linear(in_features=512, out_features=256, bias=True)
        (1): BatchNorm1d(256, eps=1e-05, momentum=0.1, affine=True, track_running_stats=True)
        (2): ReLU(inplace=True)
      )
    )
    (1): PointTransformerBlock(
      (linear1): Linear(in_features=256, out_features=256, bias=False)
      (bn1): BatchNorm1d(256, eps=1e-05, momentum=0.1, affine=True, track_running_stats=True)
      (transformer2): PointTransformerLayer(
        (linear_q): Linear(in_features=256, out_features=256, bias=True)
        (linear_k): Linear(in_features=256, out_features=256, bias=True)
        (linear_v): Linear(in_features=256, out_features=256, bias=True)
        (linear_p): Sequential(
          (0): Linear(in_features=3, out_features=3, bias=True)
          (1): BatchNorm1d(3, eps=1e-05, momentum=0.1, affine=True, track_running_stats=True)
          (2): ReLU(inplace=True)
          (3): Linear(in_features=3, out_features=256, bias=True)
        )
        (linear_w): Sequential(
          (0): BatchNorm1d(256, eps=1e-05, momentum=0.1, affine=True, track_running_stats=True)
          (1): ReLU(inplace=True)
          (2): Linear(in_features=256, out_features=32, bias=True)
          (3): BatchNorm1d(32, eps=1e-05, momentum=0.1, affine=True, track_running_stats=True)
          (4): ReLU(inplace=True)
          (5): Linear(in_features=32, out_features=32, bias=True)
        )
        (softmax): Softmax(dim=1)
      )
      (bn2): BatchNorm1d(256, eps=1e-05, momentum=0.1, affine=True, track_running_stats=True)
      (linear3): Linear(in_features=256, out_features=256, bias=False)
      (bn3): BatchNorm1d(256, eps=1e-05, momentum=0.1, affine=True, track_running_stats=True)
      (relu): ReLU(inplace=True)
    )
  )
  (dec3): Sequential(
    (0): TransitionUp(
      (linear1): Sequential(
        (0): Linear(in_features=128, out_features=128, bias=True)
        (1): BatchNorm1d(128, eps=1e-05, momentum=0.1, affine=True, track_running_stats=True)
        (2): ReLU(inplace=True)
      )
      (linear2): Sequential(
        (0): Linear(in_features=256, out_features=128, bias=True)
        (1): BatchNorm1d(128, eps=1e-05, momentum=0.1, affine=True, track_running_stats=True)
        (2): ReLU(inplace=True)
      )
    )
    (1): PointTransformerBlock(
      (linear1): Linear(in_features=128, out_features=128, bias=False)
      (bn1): BatchNorm1d(128, eps=1e-05, momentum=0.1, affine=True, track_running_stats=True)
      (transformer2): PointTransformerLayer(
        (linear_q): Linear(in_features=128, out_features=128, bias=True)
        (linear_k): Linear(in_features=128, out_features=128, bias=True)
        (linear_v): Linear(in_features=128, out_features=128, bias=True)
        (linear_p): Sequential(
          (0): Linear(in_features=3, out_features=3, bias=True)
          (1): BatchNorm1d(3, eps=1e-05, momentum=0.1, affine=True, track_running_stats=True)
          (2): ReLU(inplace=True)
          (3): Linear(in_features=3, out_features=128, bias=True)
        )
        (linear_w): Sequential(
          (0): BatchNorm1d(128, eps=1e-05, momentum=0.1, affine=True, track_running_stats=True)
          (1): ReLU(inplace=True)
          (2): Linear(in_features=128, out_features=16, bias=True)
          (3): BatchNorm1d(16, eps=1e-05, momentum=0.1, affine=True, track_running_stats=True)
          (4): ReLU(inplace=True)
          (5): Linear(in_features=16, out_features=16, bias=True)
        )
        (softmax): Softmax(dim=1)
      )
      (bn2): BatchNorm1d(128, eps=1e-05, momentum=0.1, affine=True, track_running_stats=True)
      (linear3): Linear(in_features=128, out_features=128, bias=False)
      (bn3): BatchNorm1d(128, eps=1e-05, momentum=0.1, affine=True, track_running_stats=True)
      (relu): ReLU(inplace=True)
    )
  )
  (dec2): Sequential(
    (0): TransitionUp(
      (linear1): Sequential(
        (0): Linear(in_features=64, out_features=64, bias=True)
        (1): BatchNorm1d(64, eps=1e-05, momentum=0.1, affine=True, track_running_stats=True)
        (2): ReLU(inplace=True)
      )
      (linear2): Sequential(
        (0): Linear(in_features=128, out_features=64, bias=True)
        (1): BatchNorm1d(64, eps=1e-05, momentum=0.1, affine=True, track_running_stats=True)
        (2): ReLU(inplace=True)
      )
    )
    (1): PointTransformerBlock(
      (linear1): Linear(in_features=64, out_features=64, bias=False)
      (bn1): BatchNorm1d(64, eps=1e-05, momentum=0.1, affine=True, track_running_stats=True)
      (transformer2): PointTransformerLayer(
        (linear_q): Linear(in_features=64, out_features=64, bias=True)
        (linear_k): Linear(in_features=64, out_features=64, bias=True)
        (linear_v): Linear(in_features=64, out_features=64, bias=True)
        (linear_p): Sequential(
          (0): Linear(in_features=3, out_features=3, bias=True)
          (1): BatchNorm1d(3, eps=1e-05, momentum=0.1, affine=True, track_running_stats=True)
          (2): ReLU(inplace=True)
          (3): Linear(in_features=3, out_features=64, bias=True)
        )
        (linear_w): Sequential(
          (0): BatchNorm1d(64, eps=1e-05, momentum=0.1, affine=True, track_running_stats=True)
          (1): ReLU(inplace=True)
          (2): Linear(in_features=64, out_features=8, bias=True)
          (3): BatchNorm1d(8, eps=1e-05, momentum=0.1, affine=True, track_running_stats=True)
          (4): ReLU(inplace=True)
          (5): Linear(in_features=8, out_features=8, bias=True)
        )
        (softmax): Softmax(dim=1)
      )
      (bn2): BatchNorm1d(64, eps=1e-05, momentum=0.1, affine=True, track_running_stats=True)
      (linear3): Linear(in_features=64, out_features=64, bias=False)
      (bn3): BatchNorm1d(64, eps=1e-05, momentum=0.1, affine=True, track_running_stats=True)
      (relu): ReLU(inplace=True)
    )
  )
  (dec1): Sequential(
    (0): TransitionUp(
      (linear1): Sequential(
        (0): Linear(in_features=32, out_features=32, bias=True)
        (1): BatchNorm1d(32, eps=1e-05, momentum=0.1, affine=True, track_running_stats=True)
        (2): ReLU(inplace=True)
      )
      (linear2): Sequential(
        (0): Linear(in_features=64, out_features=32, bias=True)
        (1): BatchNorm1d(32, eps=1e-05, momentum=0.1, affine=True, track_running_stats=True)
        (2): ReLU(inplace=True)
      )
    )
    (1): PointTransformerBlock(
      (linear1): Linear(in_features=32, out_features=32, bias=False)
      (bn1): BatchNorm1d(32, eps=1e-05, momentum=0.1, affine=True, track_running_stats=True)
      (transformer2): PointTransformerLayer(
        (linear_q): Linear(in_features=32, out_features=32, bias=True)
        (linear_k): Linear(in_features=32, out_features=32, bias=True)
        (linear_v): Linear(in_features=32, out_features=32, bias=True)
        (linear_p): Sequential(
          (0): Linear(in_features=3, out_features=3, bias=True)
          (1): BatchNorm1d(3, eps=1e-05, momentum=0.1, affine=True, track_running_stats=True)
          (2): ReLU(inplace=True)
          (3): Linear(in_features=3, out_features=32, bias=True)
        )
        (linear_w): Sequential(
          (0): BatchNorm1d(32, eps=1e-05, momentum=0.1, affine=True, track_running_stats=True)
          (1): ReLU(inplace=True)
          (2): Linear(in_features=32, out_features=4, bias=True)
          (3): BatchNorm1d(4, eps=1e-05, momentum=0.1, affine=True, track_running_stats=True)
          (4): ReLU(inplace=True)
          (5): Linear(in_features=4, out_features=4, bias=True)
        )
        (softmax): Softmax(dim=1)
      )
      (bn2): BatchNorm1d(32, eps=1e-05, momentum=0.1, affine=True, track_running_stats=True)
      (linear3): Linear(in_features=32, out_features=32, bias=False)
      (bn3): BatchNorm1d(32, eps=1e-05, momentum=0.1, affine=True, track_running_stats=True)
      (relu): ReLU(inplace=True)
    )
  )
  (cls): Sequential(
    (0): Linear(in_features=32, out_features=32, bias=True)
    (1): BatchNorm1d(32, eps=1e-05, momentum=0.1, affine=True, track_running_stats=True)
    (2): ReLU(inplace=True)
    (3): Linear(in_features=32, out_features=13, bias=True)
  )
)
[2022-07-05 11:07:17,080 INFO train.py line 180 87816] train_data samples: '6120'
Totally 204 samples in train set.
Totally 68 samples in val set.
Totally 204 samples in train set.
Totally 68 samples in val set.
/data/workspace/anaconda3/lib/python3.9/site-packages/torch/nn/functional.py:652: UserWarning: Named tensors and all their associated APIs are an experimental feature and subject to change. Please do not use them for anything important until they are released as stable. (Triggered internally at  /opt/conda/conda-bld/pytorch_1623448255797/work/c10/core/TensorImpl.h:1156.)
  return torch.max_pool1d(input, kernel_size, stride, padding, dilation, ceil_mode)
[2022-07-05 11:07:21,764 INFO train.py line 299 87816] Epoch: [1/100][1/1530] Data 2.755 (2.755) Batch 4.682 (4.682) Remain 198:58:21 Loss 2.6927 Accuracy 0.0526.
[2022-07-05 11:07:24,957 INFO train.py line 299 87816] Epoch: [1/100][2/1530] Data 2.084 (2.420) Batch 3.193 (3.937) Remain 167:20:06 Loss 2.3915 Accuracy 0.2081.


point transformer layer x before weird operation:  torch.Size([110327, 32]) torch.Size([4])


point transformer layer x at the end:  torch.Size([110327, 32])


point transformer layer x before weird operation:  torch.Size([27580, 64]) torch.Size([4])


point transformer layer x at the end:  torch.Size([27580, 64])


point transformer layer x before weird operation:  torch.Size([27580, 64]) torch.Size([4])


point transformer layer x at the end:  torch.Size([27580, 64])


point transformer layer x before weird operation:  torch.Size([6894, 128]) torch.Size([4])


point transformer layer x at the end:  torch.Size([6894, 128])


point transformer layer x before weird operation:  torch.Size([6894, 128]) torch.Size([4])


point transformer layer x at the end:  torch.Size([6894, 128])


point transformer layer x before weird operation:  torch.Size([6894, 128]) torch.Size([4])


point transformer layer x at the end:  torch.Size([6894, 128])


point transformer layer x before weird operation:  torch.Size([1721, 256]) torch.Size([4])


point transformer layer x at the end:  torch.Size([1721, 256])


point transformer layer x before weird operation:  torch.Size([1721, 256]) torch.Size([4])


point transformer layer x at the end:  torch.Size([1721, 256])


point transformer layer x before weird operation:  torch.Size([1721, 256]) torch.Size([4])


point transformer layer x at the end:  torch.Size([1721, 256])


point transformer layer x before weird operation:  torch.Size([1721, 256]) torch.Size([4])


point transformer layer x at the end:  torch.Size([1721, 256])


point transformer layer x before weird operation:  torch.Size([1721, 256]) torch.Size([4])


point transformer layer x at the end:  torch.Size([1721, 256])


point transformer layer x before weird operation:  torch.Size([428, 512]) torch.Size([4])


point transformer layer x at the end:  torch.Size([428, 512])


point transformer layer x before weird operation:  torch.Size([428, 512]) torch.Size([4])


point transformer layer x at the end:  torch.Size([428, 512])


point transformer layer x before weird operation:  torch.Size([428, 512]) torch.Size([4])


point transformer layer x at the end:  torch.Size([428, 512])


point transformer layer x before weird operation:  torch.Size([1721, 256]) torch.Size([4])


point transformer layer x at the end:  torch.Size([1721, 256])


point transformer layer x before weird operation:  torch.Size([6894, 128]) torch.Size([4])


point transformer layer x at the end:  torch.Size([6894, 128])


point transformer layer x before weird operation:  torch.Size([27580, 64]) torch.Size([4])


point transformer layer x at the end:  torch.Size([27580, 64])


point transformer layer x before weird operation:  torch.Size([110327, 32]) torch.Size([4])


point transformer layer x at the end:  torch.Size([110327, 32])


point transformer layer x before weird operation:  torch.Size([184538, 32]) torch.Size([4])


point transformer layer x at the end:  torch.Size([184538, 32])


point transformer layer x before weird operation:  torch.Size([46134, 64]) torch.Size([4])


point transformer layer x at the end:  torch.Size([46134, 64])


point transformer layer x before weird operation:  torch.Size([46134, 64]) torch.Size([4])


point transformer layer x at the end:  torch.Size([46134, 64])


point transformer layer x before weird operation:  torch.Size([11533, 128]) torch.Size([4])


point transformer layer x at the end:  torch.Size([11533, 128])


point transformer layer x before weird operation:  torch.Size([11533, 128]) torch.Size([4])


point transformer layer x at the end:  torch.Size([11533, 128])


point transformer layer x before weird operation:  torch.Size([11533, 128]) torch.Size([4])


point transformer layer x at the end:  torch.Size([11533, 128])


point transformer layer x before weird operation:  torch.Size([2882, 256]) torch.Size([4])


point transformer layer x at the end:  torch.Size([2882, 256])


point transformer layer x before weird operation:  torch.Size([2882, 256]) torch.Size([4])


point transformer layer x at the end:  torch.Size([2882, 256])


point transformer layer x before weird operation:  torch.Size([2882, 256]) torch.Size([4])


point transformer layer x at the end:  torch.Size([2882, 256])


point transformer layer x before weird operation:  torch.Size([2882, 256]) torch.Size([4])


point transformer layer x at the end:  torch.Size([2882, 256])


point transformer layer x before weird operation:  torch.Size([2882, 256]) torch.Size([4])


point transformer layer x at the end:  torch.Size([2882, 256])


point transformer layer x before weird operation:  torch.Size([719, 512]) torch.Size([4])


point transformer layer x at the end:  torch.Size([719, 512])


point transformer layer x before weird operation:  torch.Size([719, 512]) torch.Size([4])


point transformer layer x at the end:  torch.Size([719, 512])


point transformer layer x before weird operation:  torch.Size([719, 512]) torch.Size([4])


point transformer layer x at the end:  torch.Size([719, 512])


point transformer layer x before weird operation:  torch.Size([2882, 256]) torch.Size([4])


point transformer layer x at the end:  torch.Size([2882, 256])


point transformer layer x before weird operation:  torch.Size([11533, 128]) torch.Size([4])


point transformer layer x at the end:  torch.Size([11533, 128])


point transformer layer x before weird operation:  torch.Size([46134, 64]) torch.Size([4])


point transformer layer x at the end:  torch.Size([46134, 64])


point transformer layer x before weird operation:  torch.Size([184538, 32]) torch.Size([4])


point transformer layer x at the end:  torch.Size([184538, 32])


point transformer layer x before weird operation:  torch.Size([157141, 32]) torch.Size([4])


point transformer layer x at the end:  torch.Size([157141, 32])


point transformer layer x before weird operation:  torch.Size([39283, 64]) torch.Size([4])


point transformer layer x at the end:  torch.Size([39283, 64])


point transformer layer x before weird operation:  torch.Size([39283, 64]) torch.Size([4])


point transformer layer x at the end:  torch.Size([39283, 64])


point transformer layer x before weird operation:  torch.Size([9819, 128]) torch.Size([4])


point transformer layer x at the end:  torch.Size([9819, 128])


point transformer layer x before weird operation:  torch.Size([9819, 128]) torch.Size([4])


point transformer layer x at the end:  torch.Size([9819, 128])


point transformer layer x before weird operation:  torch.Size([9819, 128]) torch.Size([4])


point transformer layer x at the end:  torch.Size([9819, 128])


point transformer layer x before weird operation:  torch.Size([2454, 256]) torch.Size([4])


point transformer layer x at the end:  torch.Size([2454, 256])


point transformer layer x before weird operation:  torch.Size([2454, 256]) torch.Size([4])


point transformer layer x at the end:  torch.Size([2454, 256])


point transformer layer x before weird operation:  torch.Size([2454, 256]) torch.Size([4])


point transformer layer x at the end:  torch.Size([2454, 256])


point transformer layer x before weird operation:  torch.Size([2454, 256]) torch.Size([4])


point transformer layer x at the end:  torch.Size([2454, 256])


point transformer layer x before weird operation:  torch.Size([2454, 256]) torch.Size([4])


point transformer layer x at the end:  torch.Size([2454, 256])


point transformer layer x before weird operation:  torch.Size([613, 512]) torch.Size([4])


point transformer layer x at the end:  torch.Size([613, 512])


point transformer layer x before weird operation:  torch.Size([613, 512]) torch.Size([4])


point transformer layer x at the end:  torch.Size([613, 512])


point transformer layer x before weird operation:  torch.Size([613, 512]) torch.Size([4])


point transformer layer x at the end:  torch.Size([613, 512])


point transformer layer x before weird operation:  torch.Size([2454, 256]) torch.Size([4])


point transformer layer x at the end:  torch.Size([2454, 256])


point transformer layer x before weird operation:  torch.Size([9819, 128]) torch.Size([4])


point transformer layer x at the end:  [2022-07-05 11:07:25,623 INFO train.py line 299 87816] Epoch: [1/100][3/1530] Data 0.002 (1.614) Batch 0.665 (2.847) Remain 120:58:55 Loss 2.1239 Accuracy 0.3582.
[2022-07-05 11:07:26,304 INFO train.py line 299 87816] Epoch: [1/100][4/1530] Data 0.001 (1.211) Batch 0.681 (2.305) Remain 97:58:11 Loss 1.8572 Accuracy 0.4024.
[2022-07-05 11:07:27,681 INFO train.py line 299 87816] Epoch: [1/100][5/1530] Data 0.003 (0.969) Batch 1.377 (2.120) Remain 90:04:54 Loss 1.8685 Accuracy 0.4434.
