wandb: Currently logged in as: nzmcnclk (cgat). Use `wandb login --relogin` to force relogin
wandb: WARNING Path wandb/runs/wandb/ wasn't writable, using system temp directory.
wandb: WARNING Path wandb/runs/wandb/ wasn't writable, using system temp directory
wandb: wandb version 0.12.20 is available!  To upgrade, please run:
wandb:  $ pip install wandb --upgrade
wandb: Tracking run with wandb version 0.12.19
wandb: Run data is saved locally in /tmp/wandb/run-20220701_135520-22070113552034
wandb: Run `wandb offline` to turn off syncing.
wandb: Syncing run PT_S3DIS_SEG_wo_CONV_22070113552034
wandb: â­ï¸ View project at https://wandb.ai/cgat/CGAT%20Convolution%20Based%20Geometry%20Aware%20Transformer%20for%20Point%20Cloud%20Segmentation
wandb: ðŸš€ View run at https://wandb.ai/cgat/CGAT%20Convolution%20Based%20Geometry%20Aware%20Transformer%20for%20Point%20Cloud%20Segmentation/runs/22070113552034
[2022-07-01 13:55:27,653 INFO train.py line 131 33178] arch: pointtransformer_seg_repro
base_lr: 0.5
batch_size: 4
batch_size_test: 4
batch_size_val: 4
classes: 13
data_name: s3dis
data_root: dataset/s3dis/trainval_fullarea
dist_backend: nccl
dist_url: tcp://localhost:8888
distributed: False
drop_rate: 0.5
epochs: 100
eval_freq: 1
evaluate: True
fea_dim: 6
ignore_label: 255
loop: 30
manual_seed: 7777
model_path: None
momentum: 0.9
multiplier: 0.1
multiprocessing_distributed: False
names_path: data/s3dis/s3dis_names.txt
ngpus_per_node: 1
print_freq: 1
rank: 0
resume: None
save_folder: None
save_freq: 1
save_path: exp/s3dis/pointtransformer_repro
split: val
start_epoch: 0
step_epoch: 30
sync_bn: False
test_area: 5
test_gpu: [0]
test_list: dataset/s3dis/list/val5.txt
test_list_full: dataset/s3dis/list/val5_full.txt
test_workers: 4
train_gpu: [0]
use_xyz: True
voxel_max: 80000
voxel_size: 0.04
weight: None
weight_decay: 0.0001
workers: 16
world_size: 1
[2022-07-01 13:55:27,654 INFO train.py line 132 33178] => creating model ...
[2022-07-01 13:55:27,654 INFO train.py line 133 33178] Classes: 13
[2022-07-01 13:55:27,654 INFO train.py line 134 33178] PointTransformerSeg(
  (enc1): Sequential(
    (0): TransitionDown(
      (linear): Linear(in_features=6, out_features=32, bias=False)
      (bn): BatchNorm1d(32, eps=1e-05, momentum=0.1, affine=True, track_running_stats=True)
      (relu): ReLU(inplace=True)
    )
    (1): PointTransformerBlock(
      (linear1): Linear(in_features=32, out_features=32, bias=False)
      (bn1): BatchNorm1d(32, eps=1e-05, momentum=0.1, affine=True, track_running_stats=True)
      (transformer2): PointTransformerLayer(
        (linear_q): Linear(in_features=32, out_features=32, bias=True)
        (linear_k): Linear(in_features=32, out_features=32, bias=True)
        (linear_v): Linear(in_features=32, out_features=32, bias=True)
        (linear_p): Sequential(
          (0): Linear(in_features=3, out_features=3, bias=True)
          (1): BatchNorm1d(3, eps=1e-05, momentum=0.1, affine=True, track_running_stats=True)
          (2): ReLU(inplace=True)
          (3): Linear(in_features=3, out_features=32, bias=True)
        )
        (linear_w): Sequential(
          (0): BatchNorm1d(32, eps=1e-05, momentum=0.1, affine=True, track_running_stats=True)
          (1): ReLU(inplace=True)
          (2): Linear(in_features=32, out_features=4, bias=True)
          (3): BatchNorm1d(4, eps=1e-05, momentum=0.1, affine=True, track_running_stats=True)
          (4): ReLU(inplace=True)
          (5): Linear(in_features=4, out_features=4, bias=True)
        )
        (softmax): Softmax(dim=1)
      )
      (bn2): BatchNorm1d(32, eps=1e-05, momentum=0.1, affine=True, track_running_stats=True)
      (linear3): Linear(in_features=32, out_features=32, bias=False)
      (bn3): BatchNorm1d(32, eps=1e-05, momentum=0.1, affine=True, track_running_stats=True)
      (relu): ReLU(inplace=True)
    )
  )
  (enc2): Sequential(
    (0): TransitionDown(
      (linear): Linear(in_features=35, out_features=64, bias=False)
      (pool): MaxPool1d(kernel_size=16, stride=16, padding=0, dilation=1, ceil_mode=False)
      (bn): BatchNorm1d(64, eps=1e-05, momentum=0.1, affine=True, track_running_stats=True)
      (relu): ReLU(inplace=True)
    )
    (1): PointTransformerBlock(
      (linear1): Linear(in_features=64, out_features=64, bias=False)
      (bn1): BatchNorm1d(64, eps=1e-05, momentum=0.1, affine=True, track_running_stats=True)
      (transformer2): PointTransformerLayer(
        (linear_q): Linear(in_features=64, out_features=64, bias=True)
        (linear_k): Linear(in_features=64, out_features=64, bias=True)
        (linear_v): Linear(in_features=64, out_features=64, bias=True)
        (linear_p): Sequential(
          (0): Linear(in_features=3, out_features=3, bias=True)
          (1): BatchNorm1d(3, eps=1e-05, momentum=0.1, affine=True, track_running_stats=True)
          (2): ReLU(inplace=True)
          (3): Linear(in_features=3, out_features=64, bias=True)
        )
        (linear_w): Sequential(
          (0): BatchNorm1d(64, eps=1e-05, momentum=0.1, affine=True, track_running_stats=True)
          (1): ReLU(inplace=True)
          (2): Linear(in_features=64, out_features=8, bias=True)
          (3): BatchNorm1d(8, eps=1e-05, momentum=0.1, affine=True, track_running_stats=True)
          (4): ReLU(inplace=True)
          (5): Linear(in_features=8, out_features=8, bias=True)
        )
        (softmax): Softmax(dim=1)
      )
      (bn2): BatchNorm1d(64, eps=1e-05, momentum=0.1, affine=True, track_running_stats=True)
      (linear3): Linear(in_features=64, out_features=64, bias=False)
      (bn3): BatchNorm1d(64, eps=1e-05, momentum=0.1, affine=True, track_running_stats=True)
      (relu): ReLU(inplace=True)
    )
    (2): PointTransformerBlock(
      (linear1): Linear(in_features=64, out_features=64, bias=False)
      (bn1): BatchNorm1d(64, eps=1e-05, momentum=0.1, affine=True, track_running_stats=True)
      (transformer2): PointTransformerLayer(
        (linear_q): Linear(in_features=64, out_features=64, bias=True)
        (linear_k): Linear(in_features=64, out_features=64, bias=True)
        (linear_v): Linear(in_features=64, out_features=64, bias=True)
        (linear_p): Sequential(
          (0): Linear(in_features=3, out_features=3, bias=True)
          (1): BatchNorm1d(3, eps=1e-05, momentum=0.1, affine=True, track_running_stats=True)
          (2): ReLU(inplace=True)
          (3): Linear(in_features=3, out_features=64, bias=True)
        )
        (linear_w): Sequential(
          (0): BatchNorm1d(64, eps=1e-05, momentum=0.1, affine=True, track_running_stats=True)
          (1): ReLU(inplace=True)
          (2): Linear(in_features=64, out_features=8, bias=True)
          (3): BatchNorm1d(8, eps=1e-05, momentum=0.1, affine=True, track_running_stats=True)
          (4): ReLU(inplace=True)
          (5): Linear(in_features=8, out_features=8, bias=True)
        )
        (softmax): Softmax(dim=1)
      )
      (bn2): BatchNorm1d(64, eps=1e-05, momentum=0.1, affine=True, track_running_stats=True)
      (linear3): Linear(in_features=64, out_features=64, bias=False)
      (bn3): BatchNorm1d(64, eps=1e-05, momentum=0.1, affine=True, track_running_stats=True)
      (relu): ReLU(inplace=True)
    )
  )
  (enc3): Sequential(
    (0): TransitionDown(
      (linear): Linear(in_features=67, out_features=128, bias=False)
      (pool): MaxPool1d(kernel_size=16, stride=16, padding=0, dilation=1, ceil_mode=False)
      (bn): BatchNorm1d(128, eps=1e-05, momentum=0.1, affine=True, track_running_stats=True)
      (relu): ReLU(inplace=True)
    )
    (1): PointTransformerBlock(
      (linear1): Linear(in_features=128, out_features=128, bias=False)
      (bn1): BatchNorm1d(128, eps=1e-05, momentum=0.1, affine=True, track_running_stats=True)
      (transformer2): PointTransformerLayer(
        (linear_q): Linear(in_features=128, out_features=128, bias=True)
        (linear_k): Linear(in_features=128, out_features=128, bias=True)
        (linear_v): Linear(in_features=128, out_features=128, bias=True)
        (linear_p): Sequential(
          (0): Linear(in_features=3, out_features=3, bias=True)
          (1): BatchNorm1d(3, eps=1e-05, momentum=0.1, affine=True, track_running_stats=True)
          (2): ReLU(inplace=True)
          (3): Linear(in_features=3, out_features=128, bias=True)
        )
        (linear_w): Sequential(
          (0): BatchNorm1d(128, eps=1e-05, momentum=0.1, affine=True, track_running_stats=True)
          (1): ReLU(inplace=True)
          (2): Linear(in_features=128, out_features=16, bias=True)
          (3): BatchNorm1d(16, eps=1e-05, momentum=0.1, affine=True, track_running_stats=True)
          (4): ReLU(inplace=True)
          (5): Linear(in_features=16, out_features=16, bias=True)
        )
        (softmax): Softmax(dim=1)
      )
      (bn2): BatchNorm1d(128, eps=1e-05, momentum=0.1, affine=True, track_running_stats=True)
      (linear3): Linear(in_features=128, out_features=128, bias=False)
      (bn3): BatchNorm1d(128, eps=1e-05, momentum=0.1, affine=True, track_running_stats=True)
      (relu): ReLU(inplace=True)
    )
    (2): PointTransformerBlock(
      (linear1): Linear(in_features=128, out_features=128, bias=False)
      (bn1): BatchNorm1d(128, eps=1e-05, momentum=0.1, affine=True, track_running_stats=True)
      (transformer2): PointTransformerLayer(
        (linear_q): Linear(in_features=128, out_features=128, bias=True)
        (linear_k): Linear(in_features=128, out_features=128, bias=True)
        (linear_v): Linear(in_features=128, out_features=128, bias=True)
        (linear_p): Sequential(
          (0): Linear(in_features=3, out_features=3, bias=True)
          (1): BatchNorm1d(3, eps=1e-05, momentum=0.1, affine=True, track_running_stats=True)
          (2): ReLU(inplace=True)
          (3): Linear(in_features=3, out_features=128, bias=True)
        )
        (linear_w): Sequential(
          (0): BatchNorm1d(128, eps=1e-05, momentum=0.1, affine=True, track_running_stats=True)
          (1): ReLU(inplace=True)
          (2): Linear(in_features=128, out_features=16, bias=True)
          (3): BatchNorm1d(16, eps=1e-05, momentum=0.1, affine=True, track_running_stats=True)
          (4): ReLU(inplace=True)
          (5): Linear(in_features=16, out_features=16, bias=True)
        )
        (softmax): Softmax(dim=1)
      )
      (bn2): BatchNorm1d(128, eps=1e-05, momentum=0.1, affine=True, track_running_stats=True)
      (linear3): Linear(in_features=128, out_features=128, bias=False)
      (bn3): BatchNorm1d(128, eps=1e-05, momentum=0.1, affine=True, track_running_stats=True)
      (relu): ReLU(inplace=True)
    )
    (3): PointTransformerBlock(
      (linear1): Linear(in_features=128, out_features=128, bias=False)
      (bn1): BatchNorm1d(128, eps=1e-05, momentum=0.1, affine=True, track_running_stats=True)
      (transformer2): PointTransformerLayer(
        (linear_q): Linear(in_features=128, out_features=128, bias=True)
        (linear_k): Linear(in_features=128, out_features=128, bias=True)
        (linear_v): Linear(in_features=128, out_features=128, bias=True)
        (linear_p): Sequential(
          (0): Linear(in_features=3, out_features=3, bias=True)
          (1): BatchNorm1d(3, eps=1e-05, momentum=0.1, affine=True, track_running_stats=True)
          (2): ReLU(inplace=True)
          (3): Linear(in_features=3, out_features=128, bias=True)
        )
        (linear_w): Sequential(
          (0): BatchNorm1d(128, eps=1e-05, momentum=0.1, affine=True, track_running_stats=True)
          (1): ReLU(inplace=True)
          (2): Linear(in_features=128, out_features=16, bias=True)
          (3): BatchNorm1d(16, eps=1e-05, momentum=0.1, affine=True, track_running_stats=True)
          (4): ReLU(inplace=True)
          (5): Linear(in_features=16, out_features=16, bias=True)
        )
        (softmax): Softmax(dim=1)
      )
      (bn2): BatchNorm1d(128, eps=1e-05, momentum=0.1, affine=True, track_running_stats=True)
      (linear3): Linear(in_features=128, out_features=128, bias=False)
      (bn3): BatchNorm1d(128, eps=1e-05, momentum=0.1, affine=True, track_running_stats=True)
      (relu): ReLU(inplace=True)
    )
  )
  (enc4): Sequential(
    (0): TransitionDown(
      (linear): Linear(in_features=131, out_features=256, bias=False)
      (pool): MaxPool1d(kernel_size=16, stride=16, padding=0, dilation=1, ceil_mode=False)
      (bn): BatchNorm1d(256, eps=1e-05, momentum=0.1, affine=True, track_running_stats=True)
      (relu): ReLU(inplace=True)
    )
    (1): PointTransformerBlock(
      (linear1): Linear(in_features=256, out_features=256, bias=False)
      (bn1): BatchNorm1d(256, eps=1e-05, momentum=0.1, affine=True, track_running_stats=True)
      (transformer2): PointTransformerLayer(
        (linear_q): Linear(in_features=256, out_features=256, bias=True)
        (linear_k): Linear(in_features=256, out_features=256, bias=True)
        (linear_v): Linear(in_features=256, out_features=256, bias=True)
        (linear_p): Sequential(
          (0): Linear(in_features=3, out_features=3, bias=True)
          (1): BatchNorm1d(3, eps=1e-05, momentum=0.1, affine=True, track_running_stats=True)
          (2): ReLU(inplace=True)
          (3): Linear(in_features=3, out_features=256, bias=True)
        )
        (linear_w): Sequential(
          (0): BatchNorm1d(256, eps=1e-05, momentum=0.1, affine=True, track_running_stats=True)
          (1): ReLU(inplace=True)
          (2): Linear(in_features=256, out_features=32, bias=True)
          (3): BatchNorm1d(32, eps=1e-05, momentum=0.1, affine=True, track_running_stats=True)
          (4): ReLU(inplace=True)
          (5): Linear(in_features=32, out_features=32, bias=True)
        )
        (softmax): Softmax(dim=1)
      )
      (bn2): BatchNorm1d(256, eps=1e-05, momentum=0.1, affine=True, track_running_stats=True)
      (linear3): Linear(in_features=256, out_features=256, bias=False)
      (bn3): BatchNorm1d(256, eps=1e-05, momentum=0.1, affine=True, track_running_stats=True)
      (relu): ReLU(inplace=True)
    )
    (2): PointTransformerBlock(
      (linear1): Linear(in_features=256, out_features=256, bias=False)
      (bn1): BatchNorm1d(256, eps=1e-05, momentum=0.1, affine=True, track_running_stats=True)
      (transformer2): PointTransformerLayer(
        (linear_q): Linear(in_features=256, out_features=256, bias=True)
        (linear_k): Linear(in_features=256, out_features=256, bias=True)
        (linear_v): Linear(in_features=256, out_features=256, bias=True)
        (linear_p): Sequential(
          (0): Linear(in_features=3, out_features=3, bias=True)
          (1): BatchNorm1d(3, eps=1e-05, momentum=0.1, affine=True, track_running_stats=True)
          (2): ReLU(inplace=True)
          (3): Linear(in_features=3, out_features=256, bias=True)
        )
        (linear_w): Sequential(
          (0): BatchNorm1d(256, eps=1e-05, momentum=0.1, affine=True, track_running_stats=True)
          (1): ReLU(inplace=True)
          (2): Linear(in_features=256, out_features=32, bias=True)
          (3): BatchNorm1d(32, eps=1e-05, momentum=0.1, affine=True, track_running_stats=True)
          (4): ReLU(inplace=True)
          (5): Linear(in_features=32, out_features=32, bias=True)
        )
        (softmax): Softmax(dim=1)
      )
      (bn2): BatchNorm1d(256, eps=1e-05, momentum=0.1, affine=True, track_running_stats=True)
      (linear3): Linear(in_features=256, out_features=256, bias=False)
      (bn3): BatchNorm1d(256, eps=1e-05, momentum=0.1, affine=True, track_running_stats=True)
      (relu): ReLU(inplace=True)
    )
    (3): PointTransformerBlock(
      (linear1): Linear(in_features=256, out_features=256, bias=False)
      (bn1): BatchNorm1d(256, eps=1e-05, momentum=0.1, affine=True, track_running_stats=True)
      (transformer2): PointTransformerLayer(
        (linear_q): Linear(in_features=256, out_features=256, bias=True)
        (linear_k): Linear(in_features=256, out_features=256, bias=True)
        (linear_v): Linear(in_features=256, out_features=256, bias=True)
        (linear_p): Sequential(
          (0): Linear(in_features=3, out_features=3, bias=True)
          (1): BatchNorm1d(3, eps=1e-05, momentum=0.1, affine=True, track_running_stats=True)
          (2): ReLU(inplace=True)
          (3): Linear(in_features=3, out_features=256, bias=True)
        )
        (linear_w): Sequential(
          (0): BatchNorm1d(256, eps=1e-05, momentum=0.1, affine=True, track_running_stats=True)
          (1): ReLU(inplace=True)
          (2): Linear(in_features=256, out_features=32, bias=True)
          (3): BatchNorm1d(32, eps=1e-05, momentum=0.1, affine=True, track_running_stats=True)
          (4): ReLU(inplace=True)
          (5): Linear(in_features=32, out_features=32, bias=True)
        )
        (softmax): Softmax(dim=1)
      )
      (bn2): BatchNorm1d(256, eps=1e-05, momentum=0.1, affine=True, track_running_stats=True)
      (linear3): Linear(in_features=256, out_features=256, bias=False)
      (bn3): BatchNorm1d(256, eps=1e-05, momentum=0.1, affine=True, track_running_stats=True)
      (relu): ReLU(inplace=True)
    )
    (4): PointTransformerBlock(
      (linear1): Linear(in_features=256, out_features=256, bias=False)
      (bn1): BatchNorm1d(256, eps=1e-05, momentum=0.1, affine=True, track_running_stats=True)
      (transformer2): PointTransformerLayer(
        (linear_q): Linear(in_features=256, out_features=256, bias=True)
        (linear_k): Linear(in_features=256, out_features=256, bias=True)
        (linear_v): Linear(in_features=256, out_features=256, bias=True)
        (linear_p): Sequential(
          (0): Linear(in_features=3, out_features=3, bias=True)
          (1): BatchNorm1d(3, eps=1e-05, momentum=0.1, affine=True, track_running_stats=True)
          (2): ReLU(inplace=True)
          (3): Linear(in_features=3, out_features=256, bias=True)
        )
        (linear_w): Sequential(
          (0): BatchNorm1d(256, eps=1e-05, momentum=0.1, affine=True, track_running_stats=True)
          (1): ReLU(inplace=True)
          (2): Linear(in_features=256, out_features=32, bias=True)
          (3): BatchNorm1d(32, eps=1e-05, momentum=0.1, affine=True, track_running_stats=True)
          (4): ReLU(inplace=True)
          (5): Linear(in_features=32, out_features=32, bias=True)
        )
        (softmax): Softmax(dim=1)
      )
      (bn2): BatchNorm1d(256, eps=1e-05, momentum=0.1, affine=True, track_running_stats=True)
      (linear3): Linear(in_features=256, out_features=256, bias=False)
      (bn3): BatchNorm1d(256, eps=1e-05, momentum=0.1, affine=True, track_running_stats=True)
      (relu): ReLU(inplace=True)
    )
    (5): PointTransformerBlock(
      (linear1): Linear(in_features=256, out_features=256, bias=False)
      (bn1): BatchNorm1d(256, eps=1e-05, momentum=0.1, affine=True, track_running_stats=True)
      (transformer2): PointTransformerLayer(
        (linear_q): Linear(in_features=256, out_features=256, bias=True)
        (linear_k): Linear(in_features=256, out_features=256, bias=True)
        (linear_v): Linear(in_features=256, out_features=256, bias=True)
        (linear_p): Sequential(
          (0): Linear(in_features=3, out_features=3, bias=True)
          (1): BatchNorm1d(3, eps=1e-05, momentum=0.1, affine=True, track_running_stats=True)
          (2): ReLU(inplace=True)
          (3): Linear(in_features=3, out_features=256, bias=True)
        )
        (linear_w): Sequential(
          (0): BatchNorm1d(256, eps=1e-05, momentum=0.1, affine=True, track_running_stats=True)
          (1): ReLU(inplace=True)
          (2): Linear(in_features=256, out_features=32, bias=True)
          (3): BatchNorm1d(32, eps=1e-05, momentum=0.1, affine=True, track_running_stats=True)
          (4): ReLU(inplace=True)
          (5): Linear(in_features=32, out_features=32, bias=True)
        )
        (softmax): Softmax(dim=1)
      )
      (bn2): BatchNorm1d(256, eps=1e-05, momentum=0.1, affine=True, track_running_stats=True)
      (linear3): Linear(in_features=256, out_features=256, bias=False)
      (bn3): BatchNorm1d(256, eps=1e-05, momentum=0.1, affine=True, track_running_stats=True)
      (relu): ReLU(inplace=True)
    )
  )
  (enc5): Sequential(
    (0): TransitionDown(
      (linear): Linear(in_features=259, out_features=512, bias=False)
      (pool): MaxPool1d(kernel_size=16, stride=16, padding=0, dilation=1, ceil_mode=False)
      (bn): BatchNorm1d(512, eps=1e-05, momentum=0.1, affine=True, track_running_stats=True)
      (relu): ReLU(inplace=True)
    )
    (1): PointTransformerBlock(
      (linear1): Linear(in_features=512, out_features=512, bias=False)
      (bn1): BatchNorm1d(512, eps=1e-05, momentum=0.1, affine=True, track_running_stats=True)
      (transformer2): PointTransformerLayer(
        (linear_q): Linear(in_features=512, out_features=512, bias=True)
        (linear_k): Linear(in_features=512, out_features=512, bias=True)
        (linear_v): Linear(in_features=512, out_features=512, bias=True)
        (linear_p): Sequential(
          (0): Linear(in_features=3, out_features=3, bias=True)
          (1): BatchNorm1d(3, eps=1e-05, momentum=0.1, affine=True, track_running_stats=True)
          (2): ReLU(inplace=True)
          (3): Linear(in_features=3, out_features=512, bias=True)
        )
        (linear_w): Sequential(
          (0): BatchNorm1d(512, eps=1e-05, momentum=0.1, affine=True, track_running_stats=True)
          (1): ReLU(inplace=True)
          (2): Linear(in_features=512, out_features=64, bias=True)
          (3): BatchNorm1d(64, eps=1e-05, momentum=0.1, affine=True, track_running_stats=True)
          (4): ReLU(inplace=True)
          (5): Linear(in_features=64, out_features=64, bias=True)
        )
        (softmax): Softmax(dim=1)
      )
      (bn2): BatchNorm1d(512, eps=1e-05, momentum=0.1, affine=True, track_running_stats=True)
      (linear3): Linear(in_features=512, out_features=512, bias=False)
      (bn3): BatchNorm1d(512, eps=1e-05, momentum=0.1, affine=True, track_running_stats=True)
      (relu): ReLU(inplace=True)
    )
    (2): PointTransformerBlock(
      (linear1): Linear(in_features=512, out_features=512, bias=False)
      (bn1): BatchNorm1d(512, eps=1e-05, momentum=0.1, affine=True, track_running_stats=True)
      (transformer2): PointTransformerLayer(
        (linear_q): Linear(in_features=512, out_features=512, bias=True)
        (linear_k): Linear(in_features=512, out_features=512, bias=True)
        (linear_v): Linear(in_features=512, out_features=512, bias=True)
        (linear_p): Sequential(
          (0): Linear(in_features=3, out_features=3, bias=True)
          (1): BatchNorm1d(3, eps=1e-05, momentum=0.1, affine=True, track_running_stats=True)
          (2): ReLU(inplace=True)
          (3): Linear(in_features=3, out_features=512, bias=True)
        )
        (linear_w): Sequential(
          (0): BatchNorm1d(512, eps=1e-05, momentum=0.1, affine=True, track_running_stats=True)
          (1): ReLU(inplace=True)
          (2): Linear(in_features=512, out_features=64, bias=True)
          (3): BatchNorm1d(64, eps=1e-05, momentum=0.1, affine=True, track_running_stats=True)
          (4): ReLU(inplace=True)
          (5): Linear(in_features=64, out_features=64, bias=True)
        )
        (softmax): Softmax(dim=1)
      )
      (bn2): BatchNorm1d(512, eps=1e-05, momentum=0.1, affine=True, track_running_stats=True)
      (linear3): Linear(in_features=512, out_features=512, bias=False)
      (bn3): BatchNorm1d(512, eps=1e-05, momentum=0.1, affine=True, track_running_stats=True)
      (relu): ReLU(inplace=True)
    )
  )
  (dec5): Sequential(
    (0): TransitionUp(
      (linear1): Sequential(
        (0): Linear(in_features=1024, out_features=512, bias=True)
        (1): BatchNorm1d(512, eps=1e-05, momentum=0.1, affine=True, track_running_stats=True)
        (2): ReLU(inplace=True)
      )
      (linear2): Sequential(
        (0): Linear(in_features=512, out_features=512, bias=True)
        (1): ReLU(inplace=True)
      )
    )
    (1): PointTransformerBlock(
      (linear1): Linear(in_features=512, out_features=512, bias=False)
      (bn1): BatchNorm1d(512, eps=1e-05, momentum=0.1, affine=True, track_running_stats=True)
      (transformer2): PointTransformerLayer(
        (linear_q): Linear(in_features=512, out_features=512, bias=True)
        (linear_k): Linear(in_features=512, out_features=512, bias=True)
        (linear_v): Linear(in_features=512, out_features=512, bias=True)
        (linear_p): Sequential(
          (0): Linear(in_features=3, out_features=3, bias=True)
          (1): BatchNorm1d(3, eps=1e-05, momentum=0.1, affine=True, track_running_stats=True)
          (2): ReLU(inplace=True)
          (3): Linear(in_features=3, out_features=512, bias=True)
        )
        (linear_w): Sequential(
          (0): BatchNorm1d(512, eps=1e-05, momentum=0.1, affine=True, track_running_stats=True)
          (1): ReLU(inplace=True)
          (2): Linear(in_features=512, out_features=64, bias=True)
          (3): BatchNorm1d(64, eps=1e-05, momentum=0.1, affine=True, track_running_stats=True)
          (4): ReLU(inplace=True)
          (5): Linear(in_features=64, out_features=64, bias=True)
        )
        (softmax): Softmax(dim=1)
      )
      (bn2): BatchNorm1d(512, eps=1e-05, momentum=0.1, affine=True, track_running_stats=True)
      (linear3): Linear(in_features=512, out_features=512, bias=False)
      (bn3): BatchNorm1d(512, eps=1e-05, momentum=0.1, affine=True, track_running_stats=True)
      (relu): ReLU(inplace=True)
    )
  )
  (dec4): Sequential(
    (0): TransitionUp(
      (linear1): Sequential(
        (0): Linear(in_features=256, out_features=256, bias=True)
        (1): BatchNorm1d(256, eps=1e-05, momentum=0.1, affine=True, track_running_stats=True)
        (2): ReLU(inplace=True)
      )
      (linear2): Sequential(
        (0): Linear(in_features=512, out_features=256, bias=True)
        (1): BatchNorm1d(256, eps=1e-05, momentum=0.1, affine=True, track_running_stats=True)
        (2): ReLU(inplace=True)
      )
    )
    (1): PointTransformerBlock(
      (linear1): Linear(in_features=256, out_features=256, bias=False)
      (bn1): BatchNorm1d(256, eps=1e-05, momentum=0.1, affine=True, track_running_stats=True)
      (transformer2): PointTransformerLayer(
        (linear_q): Linear(in_features=256, out_features=256, bias=True)
        (linear_k): Linear(in_features=256, out_features=256, bias=True)
        (linear_v): Linear(in_features=256, out_features=256, bias=True)
        (linear_p): Sequential(
          (0): Linear(in_features=3, out_features=3, bias=True)
          (1): BatchNorm1d(3, eps=1e-05, momentum=0.1, affine=True, track_running_stats=True)
          (2): ReLU(inplace=True)
          (3): Linear(in_features=3, out_features=256, bias=True)
        )
        (linear_w): Sequential(
          (0): BatchNorm1d(256, eps=1e-05, momentum=0.1, affine=True, track_running_stats=True)
          (1): ReLU(inplace=True)
          (2): Linear(in_features=256, out_features=32, bias=True)
          (3): BatchNorm1d(32, eps=1e-05, momentum=0.1, affine=True, track_running_stats=True)
          (4): ReLU(inplace=True)
          (5): Linear(in_features=32, out_features=32, bias=True)
        )
        (softmax): Softmax(dim=1)
      )
      (bn2): BatchNorm1d(256, eps=1e-05, momentum=0.1, affine=True, track_running_stats=True)
      (linear3): Linear(in_features=256, out_features=256, bias=False)
      (bn3): BatchNorm1d(256, eps=1e-05, momentum=0.1, affine=True, track_running_stats=True)
      (relu): ReLU(inplace=True)
    )
  )
  (dec3): Sequential(
    (0): TransitionUp(
      (linear1): Sequential(
        (0): Linear(in_features=128, out_features=128, bias=True)
        (1): BatchNorm1d(128, eps=1e-05, momentum=0.1, affine=True, track_running_stats=True)
        (2): ReLU(inplace=True)
      )
      (linear2): Sequential(
        (0): Linear(in_features=256, out_features=128, bias=True)
        (1): BatchNorm1d(128, eps=1e-05, momentum=0.1, affine=True, track_running_stats=True)
        (2): ReLU(inplace=True)
      )
    )
    (1): PointTransformerBlock(
      (linear1): Linear(in_features=128, out_features=128, bias=False)
      (bn1): BatchNorm1d(128, eps=1e-05, momentum=0.1, affine=True, track_running_stats=True)
      (transformer2): PointTransformerLayer(
        (linear_q): Linear(in_features=128, out_features=128, bias=True)
        (linear_k): Linear(in_features=128, out_features=128, bias=True)
        (linear_v): Linear(in_features=128, out_features=128, bias=True)
        (linear_p): Sequential(
          (0): Linear(in_features=3, out_features=3, bias=True)
          (1): BatchNorm1d(3, eps=1e-05, momentum=0.1, affine=True, track_running_stats=True)
          (2): ReLU(inplace=True)
          (3): Linear(in_features=3, out_features=128, bias=True)
        )
        (linear_w): Sequential(
          (0): BatchNorm1d(128, eps=1e-05, momentum=0.1, affine=True, track_running_stats=True)
          (1): ReLU(inplace=True)
          (2): Linear(in_features=128, out_features=16, bias=True)
          (3): BatchNorm1d(16, eps=1e-05, momentum=0.1, affine=True, track_running_stats=True)
          (4): ReLU(inplace=True)
          (5): Linear(in_features=16, out_features=16, bias=True)
        )
        (softmax): Softmax(dim=1)
      )
      (bn2): BatchNorm1d(128, eps=1e-05, momentum=0.1, affine=True, track_running_stats=True)
      (linear3): Linear(in_features=128, out_features=128, bias=False)
      (bn3): BatchNorm1d(128, eps=1e-05, momentum=0.1, affine=True, track_running_stats=True)
      (relu): ReLU(inplace=True)
    )
  )
  (dec2): Sequential(
    (0): TransitionUp(
      (linear1): Sequential(
        (0): Linear(in_features=64, out_features=64, bias=True)
        (1): BatchNorm1d(64, eps=1e-05, momentum=0.1, affine=True, track_running_stats=True)
        (2): ReLU(inplace=True)
      )
      (linear2): Sequential(
        (0): Linear(in_features=128, out_features=64, bias=True)
        (1): BatchNorm1d(64, eps=1e-05, momentum=0.1, affine=True, track_running_stats=True)
        (2): ReLU(inplace=True)
      )
    )
    (1): PointTransformerBlock(
      (linear1): Linear(in_features=64, out_features=64, bias=False)
      (bn1): BatchNorm1d(64, eps=1e-05, momentum=0.1, affine=True, track_running_stats=True)
      (transformer2): PointTransformerLayer(
        (linear_q): Linear(in_features=64, out_features=64, bias=True)
        (linear_k): Linear(in_features=64, out_features=64, bias=True)
        (linear_v): Linear(in_features=64, out_features=64, bias=True)
        (linear_p): Sequential(
          (0): Linear(in_features=3, out_features=3, bias=True)
          (1): BatchNorm1d(3, eps=1e-05, momentum=0.1, affine=True, track_running_stats=True)
          (2): ReLU(inplace=True)
          (3): Linear(in_features=3, out_features=64, bias=True)
        )
        (linear_w): Sequential(
          (0): BatchNorm1d(64, eps=1e-05, momentum=0.1, affine=True, track_running_stats=True)
          (1): ReLU(inplace=True)
          (2): Linear(in_features=64, out_features=8, bias=True)
          (3): BatchNorm1d(8, eps=1e-05, momentum=0.1, affine=True, track_running_stats=True)
          (4): ReLU(inplace=True)
          (5): Linear(in_features=8, out_features=8, bias=True)
        )
        (softmax): Softmax(dim=1)
      )
      (bn2): BatchNorm1d(64, eps=1e-05, momentum=0.1, affine=True, track_running_stats=True)
      (linear3): Linear(in_features=64, out_features=64, bias=False)
      (bn3): BatchNorm1d(64, eps=1e-05, momentum=0.1, affine=True, track_running_stats=True)
      (relu): ReLU(inplace=True)
    )
  )
  (dec1): Sequential(
    (0): TransitionUp(
      (linear1): Sequential(
        (0): Linear(in_features=32, out_features=32, bias=True)
        (1): BatchNorm1d(32, eps=1e-05, momentum=0.1, affine=True, track_running_stats=True)
        (2): ReLU(inplace=True)
      )
      (linear2): Sequential(
        (0): Linear(in_features=64, out_features=32, bias=True)
        (1): BatchNorm1d(32, eps=1e-05, momentum=0.1, affine=True, track_running_stats=True)
        (2): ReLU(inplace=True)
      )
    )
    (1): PointTransformerBlock(
      (linear1): Linear(in_features=32, out_features=32, bias=False)
      (bn1): BatchNorm1d(32, eps=1e-05, momentum=0.1, affine=True, track_running_stats=True)
      (transformer2): PointTransformerLayer(
        (linear_q): Linear(in_features=32, out_features=32, bias=True)
        (linear_k): Linear(in_features=32, out_features=32, bias=True)
        (linear_v): Linear(in_features=32, out_features=32, bias=True)
        (linear_p): Sequential(
          (0): Linear(in_features=3, out_features=3, bias=True)
          (1): BatchNorm1d(3, eps=1e-05, momentum=0.1, affine=True, track_running_stats=True)
          (2): ReLU(inplace=True)
          (3): Linear(in_features=3, out_features=32, bias=True)
        )
        (linear_w): Sequential(
          (0): BatchNorm1d(32, eps=1e-05, momentum=0.1, affine=True, track_running_stats=True)
          (1): ReLU(inplace=True)
          (2): Linear(in_features=32, out_features=4, bias=True)
          (3): BatchNorm1d(4, eps=1e-05, momentum=0.1, affine=True, track_running_stats=True)
          (4): ReLU(inplace=True)
          (5): Linear(in_features=4, out_features=4, bias=True)
        )
        (softmax): Softmax(dim=1)
      )
      (bn2): BatchNorm1d(32, eps=1e-05, momentum=0.1, affine=True, track_running_stats=True)
      (linear3): Linear(in_features=32, out_features=32, bias=False)
      (bn3): BatchNorm1d(32, eps=1e-05, momentum=0.1, affine=True, track_running_stats=True)
      (relu): ReLU(inplace=True)
    )
  )
  (cls): Sequential(
    (0): Linear(in_features=32, out_features=32, bias=True)
    (1): BatchNorm1d(32, eps=1e-05, momentum=0.1, affine=True, track_running_stats=True)
    (2): ReLU(inplace=True)
    (3): Linear(in_features=32, out_features=13, bias=True)
  )
)
[2022-07-01 13:55:32,248 INFO train.py line 180 33178] train_data samples: '6120'
Totally 204 samples in train set.
Totally 68 samples in val set.
Totally 204 samples in train set.
Totally 68 samples in val set.
/data/workspace/anaconda3/lib/python3.9/site-packages/torch/nn/functional.py:652: UserWarning: Named tensors and all their associated APIs are an experimental feature and subject to change. Please do not use them for anything important until they are released as stable. (Triggered internally at  /opt/conda/conda-bld/pytorch_1623448255797/work/c10/core/TensorImpl.h:1156.)
  return torch.max_pool1d(input, kernel_size, stride, padding, dilation, ceil_mode)
Traceback (most recent call last):
  File "/data/workspace/point-transformer/exp/s3dis/pointtransformer_repro/train.py", line 394, in <module>
    main()
  File "/data/workspace/point-transformer/exp/s3dis/pointtransformer_repro/train.py", line 102, in main
    main_worker(args.train_gpu, args.ngpus_per_node, args)
  File "/data/workspace/point-transformer/exp/s3dis/pointtransformer_repro/train.py", line 200, in main_worker
    loss_train, mIoU_train, mAcc_train, allAcc_train = train(train_loader, model, criterion, optimizer, epoch)
  File "/data/workspace/point-transformer/exp/s3dis/pointtransformer_repro/train.py", line 263, in train
    output = model([coord, feat, offset])
  File "/data/workspace/anaconda3/lib/python3.9/site-packages/torch/nn/modules/module.py", line 1051, in _call_impl
    return forward_call(*input, **kwargs)
  File "/data/workspace/anaconda3/lib/python3.9/site-packages/torch/nn/parallel/data_parallel.py", line 166, in forward
    return self.module(*inputs[0], **kwargs[0])
  File "/data/workspace/anaconda3/lib/python3.9/site-packages/torch/nn/modules/module.py", line 1051, in _call_impl
    return forward_call(*input, **kwargs)
  File "/data/workspace/point-transformer/model/pointtransformer/pointtransformer_seg.py", line 171, in forward
    x1 = self.dec1[1:]([p1, self.dec1[0]([p1, x1, o1], [p2, x2, o2]), o1])[1]
  File "/data/workspace/anaconda3/lib/python3.9/site-packages/torch/nn/modules/module.py", line 1051, in _call_impl
    return forward_call(*input, **kwargs)
  File "/data/workspace/anaconda3/lib/python3.9/site-packages/torch/nn/modules/container.py", line 139, in forward
    input = module(input)
  File "/data/workspace/anaconda3/lib/python3.9/site-packages/torch/nn/modules/module.py", line 1051, in _call_impl
    return forward_call(*input, **kwargs)
  File "/data/workspace/point-transformer/model/pointtransformer/pointtransformer_seg.py", line 117, in forward
    x = self.relu(self.bn2(self.transformer2([p, x, o])))
  File "/data/workspace/anaconda3/lib/python3.9/site-packages/torch/nn/modules/module.py", line 1051, in _call_impl
    return forward_call(*input, **kwargs)
  File "/data/workspace/point-transformer/model/pointtransformer/pointtransformer_seg.py", line 31, in forward
    w = x_k - x_q.unsqueeze(1) + p_r.view(p_r.shape[0], p_r.shape[1], self.out_planes // self.mid_planes, self.mid_planes).sum(2)  # (n, nsample, c)
RuntimeError: CUDA out of memory. Tried to allocate 108.00 MiB (GPU 0; 23.70 GiB total capacity; 4.62 GiB already allocated; 7.38 MiB free; 4.79 GiB reserved in total by PyTorch)
wandb: Waiting for W&B process to finish... (failed 1). Press Control-C to abort syncing.
wandb: - 0.001 MB of 0.001 MB uploaded (0.000 MB deduped)wandb: \ 0.001 MB of 0.001 MB uploaded (0.000 MB deduped)wandb: | 0.001 MB of 0.056 MB uploaded (0.000 MB deduped)wandb: / 0.001 MB of 0.056 MB uploaded (0.000 MB deduped)wandb: - 0.056 MB of 0.056 MB uploaded (0.000 MB deduped)wandb: \ 0.056 MB of 0.056 MB uploaded (0.000 MB deduped)wandb: | 0.056 MB of 0.056 MB uploaded (0.000 MB deduped)wandb: / 0.056 MB of 0.056 MB uploaded (0.000 MB deduped)wandb: - 0.056 MB of 0.056 MB uploaded (0.000 MB deduped)wandb: \ 0.056 MB of 0.056 MB uploaded (0.000 MB deduped)wandb: | 0.056 MB of 0.056 MB uploaded (0.000 MB deduped)wandb: / 0.056 MB of 0.056 MB uploaded (0.000 MB deduped)wandb:                                                                                
wandb: Synced PT_S3DIS_SEG_wo_CONV_22070113552034: https://wandb.ai/cgat/CGAT%20Convolution%20Based%20Geometry%20Aware%20Transformer%20for%20Point%20Cloud%20Segmentation/runs/22070113552034
wandb: Synced 6 W&B file(s), 0 media file(s), 0 artifact file(s) and 0 other file(s)
wandb: Find logs at: /tmp/wandb/run-20220701_135520-22070113552034/logs
